<?xml version="1.0" encoding="UTF-8"?>
<robot generator="Robot 6.1.1 (Python 3.12.1 on win32)" generated="20250616 20:49:49.214" rpa="false" schemaversion="4">
<suite id="s1" name="Carrinho Compras" source="C:\kabum_robot_carrinho\tests\carrinho_compras.robot">
<kw name="Abrir o navegador e acessar o site" library="carrinho_keywords" type="SETUP">
<kw name="Open Browser" library="SeleniumLibrary">
<arg>${URL}</arg>
<arg>chrome</arg>
<doc>Opens a new browser instance to the optional ``url``.</doc>
<msg timestamp="20250616 20:49:49.389" level="INFO">Opening browser 'chrome' to base url 'https://www.kabum.com.br/login?redirect_uri=https://www.kabum.com.br/'.</msg>
<status status="PASS" starttime="20250616 20:49:49.389" endtime="20250616 20:49:57.715"/>
</kw>
<kw name="Maximize Browser Window" library="SeleniumLibrary">
<doc>Maximizes current browser window.</doc>
<status status="PASS" starttime="20250616 20:49:57.715" endtime="20250616 20:49:57.767"/>
</kw>
<status status="PASS" starttime="20250616 20:49:49.389" endtime="20250616 20:49:57.767"/>
</kw>
<test id="s1-t1" name="Remover uma compra do carrinho" line="13">
<kw name="Dado que realizo o login com sucesso" library="carrinho_keywords">
<kw name="Log To Console" library="BuiltIn">
<arg>Digitando o e-mail</arg>
<doc>Logs the given message to the console.</doc>
<status status="PASS" starttime="20250616 20:49:57.769" endtime="20250616 20:49:57.770"/>
</kw>
<kw name="Input Text" library="SeleniumLibrary">
<arg>//*[@id="main-content"]/div[2]/div/section/div/form/div[1]/input</arg>
<arg>samuelbrandao.oliveira@gmail.com</arg>
<doc>Types the given ``text`` into the text field identified by ``locator``.</doc>
<msg timestamp="20250616 20:49:57.771" level="INFO">Typing text 'samuelbrandao.oliveira@gmail.com' into text field '//*[@id="main-content"]/div[2]/div/section/div/form/div[1]/input'.</msg>
<status status="PASS" starttime="20250616 20:49:57.770" endtime="20250616 20:49:58.034"/>
</kw>
<kw name="Sleep" library="BuiltIn">
<arg>5</arg>
<doc>Pauses the test executed for the given time.</doc>
<msg timestamp="20250616 20:50:03.034" level="INFO">Slept 5 seconds</msg>
<status status="PASS" starttime="20250616 20:49:58.034" endtime="20250616 20:50:03.034"/>
</kw>
<kw name="Log To Console" library="BuiltIn">
<arg>Digitando o e-mail</arg>
<doc>Logs the given message to the console.</doc>
<status status="PASS" starttime="20250616 20:50:03.034" endtime="20250616 20:50:03.034"/>
</kw>
<kw name="Input Text" library="SeleniumLibrary">
<arg>//*[@id="main-content"]/div[2]/div/section/div/form/div[2]/input</arg>
<arg>G@fisa2030</arg>
<doc>Types the given ``text`` into the text field identified by ``locator``.</doc>
<msg timestamp="20250616 20:50:03.034" level="INFO">Typing text 'G@fisa2030' into text field '//*[@id="main-content"]/div[2]/div/section/div/form/div[2]/input'.</msg>
<status status="PASS" starttime="20250616 20:50:03.034" endtime="20250616 20:50:03.435"/>
</kw>
<kw name="Sleep" library="BuiltIn">
<arg>5</arg>
<doc>Pauses the test executed for the given time.</doc>
<msg timestamp="20250616 20:50:08.435" level="INFO">Slept 5 seconds</msg>
<status status="PASS" starttime="20250616 20:50:03.435" endtime="20250616 20:50:08.435"/>
</kw>
<kw name="Log To Console" library="BuiltIn">
<arg>Clicando na mensagem de Cookies</arg>
<doc>Logs the given message to the console.</doc>
<status status="PASS" starttime="20250616 20:50:08.435" endtime="20250616 20:50:08.435"/>
</kw>
<kw name="Click Button" library="SeleniumLibrary">
<arg>//*[@id="onetrust-accept-btn-handler"]</arg>
<doc>Clicks the button identified by ``locator``.</doc>
<msg timestamp="20250616 20:50:08.435" level="INFO">Clicking button '//*[@id="onetrust-accept-btn-handler"]'.</msg>
<status status="PASS" starttime="20250616 20:50:08.435" endtime="20250616 20:50:08.823"/>
</kw>
<kw name="Log To Console" library="BuiltIn">
<arg>Clicando no botão ENTRAR</arg>
<doc>Logs the given message to the console.</doc>
<status status="PASS" starttime="20250616 20:50:08.823" endtime="20250616 20:50:08.823"/>
</kw>
<kw name="Click Button" library="SeleniumLibrary">
<arg>//*[@id="main-content"]/div[2]/div/section/div/form/button[1]</arg>
<doc>Clicks the button identified by ``locator``.</doc>
<msg timestamp="20250616 20:50:08.823" level="INFO">Clicking button '//*[@id="main-content"]/div[2]/div/section/div/form/button[1]'.</msg>
<status status="PASS" starttime="20250616 20:50:08.823" endtime="20250616 20:50:09.264"/>
</kw>
<kw name="Sleep" library="BuiltIn">
<arg>5</arg>
<doc>Pauses the test executed for the given time.</doc>
<msg timestamp="20250616 20:50:14.265" level="INFO">Slept 5 seconds</msg>
<status status="PASS" starttime="20250616 20:50:09.264" endtime="20250616 20:50:14.265"/>
</kw>
<kw name="Page Should Contain" library="SeleniumLibrary">
<arg>Olá</arg>
<doc>Verifies that current page contains ``text``.</doc>
<msg timestamp="20250616 20:50:24.052" level="INFO">Current page contains text 'Olá'.</msg>
<status status="PASS" starttime="20250616 20:50:14.265" endtime="20250616 20:50:24.052"/>
</kw>
<kw name="Sleep" library="BuiltIn">
<arg>5</arg>
<doc>Pauses the test executed for the given time.</doc>
<msg timestamp="20250616 20:50:29.054" level="INFO">Slept 5 seconds</msg>
<status status="PASS" starttime="20250616 20:50:24.053" endtime="20250616 20:50:29.054"/>
</kw>
<status status="PASS" starttime="20250616 20:49:57.769" endtime="20250616 20:50:29.054"/>
</kw>
<kw name="E pesquiso um produto na loja da kabum" library="carrinho_keywords">
<kw name="Log To Console" library="BuiltIn">
<arg>Fechando propaganda</arg>
<doc>Logs the given message to the console.</doc>
<status status="PASS" starttime="20250616 20:50:29.054" endtime="20250616 20:50:29.057"/>
</kw>
<kw name="Click Element" library="SeleniumLibrary">
<arg>//span[@class="ins-web-opt-in-reminder-close-button"]</arg>
<doc>Click the element identified by ``locator``.</doc>
<msg timestamp="20250616 20:50:29.059" level="INFO">Clicking element '//span[@class="ins-web-opt-in-reminder-close-button"]'.</msg>
<status status="PASS" starttime="20250616 20:50:29.057" endtime="20250616 20:50:29.385"/>
</kw>
<kw name="Sleep" library="BuiltIn">
<arg>10</arg>
<doc>Pauses the test executed for the given time.</doc>
<msg timestamp="20250616 20:50:39.387" level="INFO">Slept 10 seconds</msg>
<status status="PASS" starttime="20250616 20:50:29.386" endtime="20250616 20:50:39.387"/>
</kw>
<kw name="Log To Console" library="BuiltIn">
<arg>Pesquisar um produto</arg>
<doc>Logs the given message to the console.</doc>
<status status="PASS" starttime="20250616 20:50:39.387" endtime="20250616 20:50:39.387"/>
</kw>
<kw name="Wait Until Element Is Visible" library="SeleniumLibrary">
<arg>xpath=//input[@id="inputBusca"]</arg>
<doc>Waits until the element ``locator`` is visible.</doc>
<status status="PASS" starttime="20250616 20:50:39.387" endtime="20250616 20:50:39.464"/>
</kw>
<kw name="Set Variable" library="BuiltIn">
<var>${palavra}</var>
<arg>aspirador</arg>
<doc>Returns the given values which can then be assigned to a variables.</doc>
<msg timestamp="20250616 20:50:39.464" level="INFO">${palavra} = aspirador</msg>
<status status="PASS" starttime="20250616 20:50:39.464" endtime="20250616 20:50:39.464"/>
</kw>
<kw name="Evaluate" library="BuiltIn">
<var>@{letras}</var>
<arg>list("${palavra}")</arg>
<doc>Evaluates the given expression in Python and returns the result.</doc>
<msg timestamp="20250616 20:50:39.464" level="INFO">@{letras} = [ a | s | p | i | r | a | d | o | r ]</msg>
<status status="PASS" starttime="20250616 20:50:39.464" endtime="20250616 20:50:39.464"/>
</kw>
<for flavor="IN">
<var>${char}</var>
<value>@{letras}</value>
<iter>
<var name="${char}">a</var>
<kw name="Press Keys" library="SeleniumLibrary">
<arg>xpath=//input[@id="inputBusca"]</arg>
<arg>${char}</arg>
<doc>Simulates the user pressing key(s) to an element or on the active browser.</doc>
<msg timestamp="20250616 20:50:39.468" level="INFO">Sending key(s) ('a',) to xpath=//input[@id="inputBusca"] element.</msg>
<msg timestamp="20250616 20:50:39.882" level="INFO">Sending key a</msg>
<status status="PASS" starttime="20250616 20:50:39.464" endtime="20250616 20:50:39.945"/>
</kw>
<kw name="Sleep" library="BuiltIn">
<arg>0.2</arg>
<doc>Pauses the test executed for the given time.</doc>
<msg timestamp="20250616 20:50:40.147" level="INFO">Slept 200 milliseconds</msg>
<status status="PASS" starttime="20250616 20:50:39.946" endtime="20250616 20:50:40.147"/>
</kw>
<status status="PASS" starttime="20250616 20:50:39.464" endtime="20250616 20:50:40.147"/>
</iter>
<iter>
<var name="${char}">s</var>
<kw name="Press Keys" library="SeleniumLibrary">
<arg>xpath=//input[@id="inputBusca"]</arg>
<arg>${char}</arg>
<doc>Simulates the user pressing key(s) to an element or on the active browser.</doc>
<msg timestamp="20250616 20:50:40.147" level="INFO">Sending key(s) ('s',) to xpath=//input[@id="inputBusca"] element.</msg>
<msg timestamp="20250616 20:50:40.527" level="INFO">Sending key s</msg>
<status status="PASS" starttime="20250616 20:50:40.147" endtime="20250616 20:50:40.600"/>
</kw>
<kw name="Sleep" library="BuiltIn">
<arg>0.2</arg>
<doc>Pauses the test executed for the given time.</doc>
<msg timestamp="20250616 20:50:40.802" level="INFO">Slept 200 milliseconds</msg>
<status status="PASS" starttime="20250616 20:50:40.600" endtime="20250616 20:50:40.802"/>
</kw>
<status status="PASS" starttime="20250616 20:50:40.147" endtime="20250616 20:50:40.802"/>
</iter>
<iter>
<var name="${char}">p</var>
<kw name="Press Keys" library="SeleniumLibrary">
<arg>xpath=//input[@id="inputBusca"]</arg>
<arg>${char}</arg>
<doc>Simulates the user pressing key(s) to an element or on the active browser.</doc>
<msg timestamp="20250616 20:50:40.802" level="INFO">Sending key(s) ('p',) to xpath=//input[@id="inputBusca"] element.</msg>
<msg timestamp="20250616 20:50:41.207" level="INFO">Sending key p</msg>
<status status="PASS" starttime="20250616 20:50:40.802" endtime="20250616 20:50:41.267"/>
</kw>
<kw name="Sleep" library="BuiltIn">
<arg>0.2</arg>
<doc>Pauses the test executed for the given time.</doc>
<msg timestamp="20250616 20:50:41.469" level="INFO">Slept 200 milliseconds</msg>
<status status="PASS" starttime="20250616 20:50:41.268" endtime="20250616 20:50:41.469"/>
</kw>
<status status="PASS" starttime="20250616 20:50:40.802" endtime="20250616 20:50:41.469"/>
</iter>
<iter>
<var name="${char}">i</var>
<kw name="Press Keys" library="SeleniumLibrary">
<arg>xpath=//input[@id="inputBusca"]</arg>
<arg>${char}</arg>
<doc>Simulates the user pressing key(s) to an element or on the active browser.</doc>
<msg timestamp="20250616 20:50:41.469" level="INFO">Sending key(s) ('i',) to xpath=//input[@id="inputBusca"] element.</msg>
<msg timestamp="20250616 20:50:41.955" level="INFO">Sending key i</msg>
<status status="PASS" starttime="20250616 20:50:41.469" endtime="20250616 20:50:42.103"/>
</kw>
<kw name="Sleep" library="BuiltIn">
<arg>0.2</arg>
<doc>Pauses the test executed for the given time.</doc>
<msg timestamp="20250616 20:50:42.303" level="INFO">Slept 200 milliseconds</msg>
<status status="PASS" starttime="20250616 20:50:42.103" endtime="20250616 20:50:42.303"/>
</kw>
<status status="PASS" starttime="20250616 20:50:41.469" endtime="20250616 20:50:42.303"/>
</iter>
<iter>
<var name="${char}">r</var>
<kw name="Press Keys" library="SeleniumLibrary">
<arg>xpath=//input[@id="inputBusca"]</arg>
<arg>${char}</arg>
<doc>Simulates the user pressing key(s) to an element or on the active browser.</doc>
<msg timestamp="20250616 20:50:42.306" level="INFO">Sending key(s) ('r',) to xpath=//input[@id="inputBusca"] element.</msg>
<msg timestamp="20250616 20:50:42.791" level="INFO">Sending key r</msg>
<status status="PASS" starttime="20250616 20:50:42.303" endtime="20250616 20:50:42.921"/>
</kw>
<kw name="Sleep" library="BuiltIn">
<arg>0.2</arg>
<doc>Pauses the test executed for the given time.</doc>
<msg timestamp="20250616 20:50:43.122" level="INFO">Slept 200 milliseconds</msg>
<status status="PASS" starttime="20250616 20:50:42.921" endtime="20250616 20:50:43.122"/>
</kw>
<status status="PASS" starttime="20250616 20:50:42.303" endtime="20250616 20:50:43.122"/>
</iter>
<iter>
<var name="${char}">a</var>
<kw name="Press Keys" library="SeleniumLibrary">
<arg>xpath=//input[@id="inputBusca"]</arg>
<arg>${char}</arg>
<doc>Simulates the user pressing key(s) to an element or on the active browser.</doc>
<msg timestamp="20250616 20:50:43.122" level="INFO">Sending key(s) ('a',) to xpath=//input[@id="inputBusca"] element.</msg>
<msg timestamp="20250616 20:50:43.644" level="INFO">Sending key a</msg>
<status status="PASS" starttime="20250616 20:50:43.122" endtime="20250616 20:50:43.754"/>
</kw>
<kw name="Sleep" library="BuiltIn">
<arg>0.2</arg>
<doc>Pauses the test executed for the given time.</doc>
<msg timestamp="20250616 20:50:43.955" level="INFO">Slept 200 milliseconds</msg>
<status status="PASS" starttime="20250616 20:50:43.754" endtime="20250616 20:50:43.955"/>
</kw>
<status status="PASS" starttime="20250616 20:50:43.122" endtime="20250616 20:50:43.955"/>
</iter>
<iter>
<var name="${char}">d</var>
<kw name="Press Keys" library="SeleniumLibrary">
<arg>xpath=//input[@id="inputBusca"]</arg>
<arg>${char}</arg>
<doc>Simulates the user pressing key(s) to an element or on the active browser.</doc>
<msg timestamp="20250616 20:50:43.955" level="INFO">Sending key(s) ('d',) to xpath=//input[@id="inputBusca"] element.</msg>
<msg timestamp="20250616 20:50:44.448" level="INFO">Sending key d</msg>
<status status="PASS" starttime="20250616 20:50:43.955" endtime="20250616 20:50:44.551"/>
</kw>
<kw name="Sleep" library="BuiltIn">
<arg>0.2</arg>
<doc>Pauses the test executed for the given time.</doc>
<msg timestamp="20250616 20:50:44.759" level="INFO">Slept 200 milliseconds</msg>
<status status="PASS" starttime="20250616 20:50:44.551" endtime="20250616 20:50:44.759"/>
</kw>
<status status="PASS" starttime="20250616 20:50:43.955" endtime="20250616 20:50:44.759"/>
</iter>
<iter>
<var name="${char}">o</var>
<kw name="Press Keys" library="SeleniumLibrary">
<arg>xpath=//input[@id="inputBusca"]</arg>
<arg>${char}</arg>
<doc>Simulates the user pressing key(s) to an element or on the active browser.</doc>
<msg timestamp="20250616 20:50:44.761" level="INFO">Sending key(s) ('o',) to xpath=//input[@id="inputBusca"] element.</msg>
<msg timestamp="20250616 20:50:45.386" level="INFO">Sending key o</msg>
<status status="PASS" starttime="20250616 20:50:44.759" endtime="20250616 20:50:45.482"/>
</kw>
<kw name="Sleep" library="BuiltIn">
<arg>0.2</arg>
<doc>Pauses the test executed for the given time.</doc>
<msg timestamp="20250616 20:50:45.684" level="INFO">Slept 200 milliseconds</msg>
<status status="PASS" starttime="20250616 20:50:45.482" endtime="20250616 20:50:45.684"/>
</kw>
<status status="PASS" starttime="20250616 20:50:44.759" endtime="20250616 20:50:45.684"/>
</iter>
<iter>
<var name="${char}">r</var>
<kw name="Press Keys" library="SeleniumLibrary">
<arg>xpath=//input[@id="inputBusca"]</arg>
<arg>${char}</arg>
<doc>Simulates the user pressing key(s) to an element or on the active browser.</doc>
<msg timestamp="20250616 20:50:45.685" level="INFO">Sending key(s) ('r',) to xpath=//input[@id="inputBusca"] element.</msg>
<msg timestamp="20250616 20:50:46.164" level="INFO">Sending key r</msg>
<status status="PASS" starttime="20250616 20:50:45.685" endtime="20250616 20:50:46.262"/>
</kw>
<kw name="Sleep" library="BuiltIn">
<arg>0.2</arg>
<doc>Pauses the test executed for the given time.</doc>
<msg timestamp="20250616 20:50:46.464" level="INFO">Slept 200 milliseconds</msg>
<status status="PASS" starttime="20250616 20:50:46.263" endtime="20250616 20:50:46.464"/>
</kw>
<status status="PASS" starttime="20250616 20:50:45.685" endtime="20250616 20:50:46.464"/>
</iter>
<status status="PASS" starttime="20250616 20:50:39.464" endtime="20250616 20:50:46.464"/>
</for>
<kw name="Sleep" library="BuiltIn">
<arg>1</arg>
<doc>Pauses the test executed for the given time.</doc>
<msg timestamp="20250616 20:50:47.466" level="INFO">Slept 1 second</msg>
<status status="PASS" starttime="20250616 20:50:46.464" endtime="20250616 20:50:47.466"/>
</kw>
<kw name="Press Keys" library="SeleniumLibrary">
<arg>xpath=//input[@id="inputBusca"]</arg>
<arg>ENTER</arg>
<doc>Simulates the user pressing key(s) to an element or on the active browser.</doc>
<msg timestamp="20250616 20:50:47.466" level="INFO">Sending key(s) ('ENTER',) to xpath=//input[@id="inputBusca"] element.</msg>
<msg timestamp="20250616 20:50:47.945" level="INFO">Pressing special key ENTER to element.</msg>
<msg timestamp="20250616 20:50:47.945" level="INFO">Releasing special key ENTER.</msg>
<status status="PASS" starttime="20250616 20:50:47.466" endtime="20250616 20:50:54.250"/>
</kw>
<kw name="Sleep" library="BuiltIn">
<arg>10</arg>
<doc>Pauses the test executed for the given time.</doc>
<msg timestamp="20250616 20:51:04.250" level="INFO">Slept 10 seconds</msg>
<status status="PASS" starttime="20250616 20:50:54.250" endtime="20250616 20:51:04.250"/>
</kw>
<kw name="Take Screenshot" library="Screenshot">
<doc>Takes a screenshot in JPEG format and embeds it into the log file.</doc>
<msg timestamp="20250616 20:51:04.366" level="INFO" html="true">&lt;a href="screenshot_23.jpg"&gt;&lt;img src="screenshot_23.jpg" width="800px"&gt;&lt;/a&gt;</msg>
<status status="PASS" starttime="20250616 20:51:04.250" endtime="20250616 20:51:04.366"/>
</kw>
<status status="PASS" starttime="20250616 20:50:29.054" endtime="20250616 20:51:04.366"/>
</kw>
<kw name="Então adiciono o produto com sucesso" library="carrinho_keywords">
<kw name="Log To Console" library="BuiltIn">
<arg>Selecionando o aspirador de pó</arg>
<doc>Logs the given message to the console.</doc>
<status status="PASS" starttime="20250616 20:51:04.366" endtime="20250616 20:51:04.366"/>
</kw>
<kw name="Mouse Over" library="SeleniumLibrary">
<arg>xpath=//*[@id="listing"]/div[3]/div/div/div[2]/div/main/div[1]/article/div[2]</arg>
<doc>Simulates hovering the mouse over the element ``locator``.</doc>
<msg timestamp="20250616 20:51:04.366" level="INFO">Simulating Mouse Over on element 'xpath=//*[@id="listing"]/div[3]/div/div/div[2]/div/main/div[1]/article/div[2]'.</msg>
<status status="PASS" starttime="20250616 20:51:04.366" endtime="20250616 20:51:04.760"/>
</kw>
<kw name="Sleep" library="BuiltIn">
<arg>5</arg>
<doc>Pauses the test executed for the given time.</doc>
<msg timestamp="20250616 20:51:09.760" level="INFO">Slept 5 seconds</msg>
<status status="PASS" starttime="20250616 20:51:04.760" endtime="20250616 20:51:09.760"/>
</kw>
<kw name="Click Element" library="SeleniumLibrary">
<arg>xpath=//*[@id="listing"]/div[3]/div/div/div[2]/div/main/div[1]/article/div[2]</arg>
<doc>Click the element identified by ``locator``.</doc>
<msg timestamp="20250616 20:51:09.761" level="INFO">Clicking element 'xpath=//*[@id="listing"]/div[3]/div/div/div[2]/div/main/div[1]/article/div[2]'.</msg>
<status status="PASS" starttime="20250616 20:51:09.760" endtime="20250616 20:51:10.023"/>
</kw>
<kw name="Sleep" library="BuiltIn">
<arg>5</arg>
<doc>Pauses the test executed for the given time.</doc>
<msg timestamp="20250616 20:51:15.031" level="INFO">Slept 5 seconds</msg>
<status status="PASS" starttime="20250616 20:51:10.023" endtime="20250616 20:51:15.031"/>
</kw>
<kw name="Page Should Contain" library="SeleniumLibrary">
<arg>Garantia Estendida Original Ampliada</arg>
<doc>Verifies that current page contains ``text``.</doc>
<msg timestamp="20250616 20:51:15.093" level="INFO">Current page contains text 'Garantia Estendida Original Ampliada'.</msg>
<status status="PASS" starttime="20250616 20:51:15.031" endtime="20250616 20:51:15.093"/>
</kw>
<kw name="Sleep" library="BuiltIn">
<arg>5</arg>
<doc>Pauses the test executed for the given time.</doc>
<msg timestamp="20250616 20:51:20.095" level="INFO">Slept 5 seconds</msg>
<status status="PASS" starttime="20250616 20:51:15.093" endtime="20250616 20:51:20.095"/>
</kw>
<kw name="Log To Console" library="BuiltIn">
<arg>Removendo a garantia e serviços extendidos do produto</arg>
<doc>Logs the given message to the console.</doc>
<status status="PASS" starttime="20250616 20:51:20.095" endtime="20250616 20:51:20.095"/>
</kw>
<kw name="Click Button" library="SeleniumLibrary">
<arg>//*[@id="main-content"]/div[1]/div/div[2]/section/section/button[2]</arg>
<doc>Clicks the button identified by ``locator``.</doc>
<msg timestamp="20250616 20:51:20.095" level="INFO">Clicking button '//*[@id="main-content"]/div[1]/div/div[2]/section/section/button[2]'.</msg>
<status status="PASS" starttime="20250616 20:51:20.095" endtime="20250616 20:51:25.739"/>
</kw>
<kw name="Sleep" library="BuiltIn">
<arg>5</arg>
<doc>Pauses the test executed for the given time.</doc>
<msg timestamp="20250616 20:51:30.740" level="INFO">Slept 5 seconds</msg>
<status status="PASS" starttime="20250616 20:51:25.739" endtime="20250616 20:51:30.740"/>
</kw>
<kw name="Take Screenshot" library="Screenshot">
<doc>Takes a screenshot in JPEG format and embeds it into the log file.</doc>
<msg timestamp="20250616 20:51:30.780" level="INFO" html="true">&lt;a href="screenshot_24.jpg"&gt;&lt;img src="screenshot_24.jpg" width="800px"&gt;&lt;/a&gt;</msg>
<status status="PASS" starttime="20250616 20:51:30.740" endtime="20250616 20:51:30.780"/>
</kw>
<status status="PASS" starttime="20250616 20:51:04.366" endtime="20250616 20:51:30.780"/>
</kw>
<kw name="Então dessisto da compra e excluo o produto do carrinho" library="carrinho_keywords">
<kw name="Log To Console" library="BuiltIn">
<arg>Removendo o produto do carrinho</arg>
<doc>Logs the given message to the console.</doc>
<status status="PASS" starttime="20250616 20:51:30.780" endtime="20250616 20:51:30.780"/>
</kw>
<kw name="Page Should Contain" library="SeleniumLibrary">
<arg>Resumo</arg>
<doc>Verifies that current page contains ``text``.</doc>
<msg timestamp="20250616 20:51:30.825" level="INFO">Current page contains text 'Resumo'.</msg>
<status status="PASS" starttime="20250616 20:51:30.780" endtime="20250616 20:51:30.825"/>
</kw>
<kw name="Click Button" library="SeleniumLibrary">
<arg>//*[@id="removerTodosProdutos"]</arg>
<doc>Clicks the button identified by ``locator``.</doc>
<msg timestamp="20250616 20:51:30.828" level="INFO">Clicking button '//*[@id="removerTodosProdutos"]'.</msg>
<status status="PASS" starttime="20250616 20:51:30.825" endtime="20250616 20:51:31.060"/>
</kw>
<kw name="Page Should Contain" library="SeleniumLibrary">
<arg>Você tem certeza que deseja remover todos os produtos do carrinho?</arg>
<doc>Verifies that current page contains ``text``.</doc>
<msg timestamp="20250616 20:51:31.150" level="INFO">Current page contains text 'Você tem certeza que deseja remover todos os produtos do carrinho?'.</msg>
<status status="PASS" starttime="20250616 20:51:31.060" endtime="20250616 20:51:31.150"/>
</kw>
<kw name="Click Button" library="SeleniumLibrary">
<arg>//*[@id="radix-:r0:"]/div/button[2]</arg>
<doc>Clicks the button identified by ``locator``.</doc>
<msg timestamp="20250616 20:51:31.150" level="INFO">Clicking button '//*[@id="radix-:r0:"]/div/button[2]'.</msg>
<status status="PASS" starttime="20250616 20:51:31.150" endtime="20250616 20:51:31.424"/>
</kw>
<kw name="Sleep" library="BuiltIn">
<arg>5</arg>
<doc>Pauses the test executed for the given time.</doc>
<msg timestamp="20250616 20:51:36.424" level="INFO">Slept 5 seconds</msg>
<status status="PASS" starttime="20250616 20:51:31.424" endtime="20250616 20:51:36.424"/>
</kw>
<kw name="Page Should Contain" library="SeleniumLibrary">
<arg>O seu carrinho está vazio.</arg>
<doc>Verifies that current page contains ``text``.</doc>
<msg timestamp="20250616 20:51:36.441" level="INFO">Current page contains text 'O seu carrinho está vazio.'.</msg>
<status status="PASS" starttime="20250616 20:51:36.424" endtime="20250616 20:51:36.441"/>
</kw>
<kw name="Take Screenshot" library="Screenshot">
<doc>Takes a screenshot in JPEG format and embeds it into the log file.</doc>
<msg timestamp="20250616 20:51:36.497" level="INFO" html="true">&lt;a href="screenshot_25.jpg"&gt;&lt;img src="screenshot_25.jpg" width="800px"&gt;&lt;/a&gt;</msg>
<status status="PASS" starttime="20250616 20:51:36.441" endtime="20250616 20:51:36.497"/>
</kw>
<status status="PASS" starttime="20250616 20:51:30.780" endtime="20250616 20:51:36.497"/>
</kw>
<tag>excluir_compra</tag>
<status status="PASS" starttime="20250616 20:49:57.767" endtime="20250616 20:51:36.497"/>
</test>
<kw name="Close Browser" library="SeleniumLibrary" type="TEARDOWN">
<doc>Closes the current browser.</doc>
<status status="PASS" starttime="20250616 20:51:36.497" endtime="20250616 20:51:38.816"/>
</kw>
<status status="PASS" starttime="20250616 20:49:49.214" endtime="20250616 20:51:38.816"/>
</suite>
<statistics>
<total>
<stat pass="1" fail="0" skip="0">All Tests</stat>
</total>
<tag>
<stat pass="1" fail="0" skip="0">excluir_compra</stat>
</tag>
<suite>
<stat pass="1" fail="0" skip="0" id="s1" name="Carrinho Compras">Carrinho Compras</stat>
</suite>
</statistics>
<errors>
</errors>
</robot>
